<?xml version="1.0" encoding="UTF-8"?>
<testng-results skipped="0" failed="0" total="1" passed="1">
  <reporter-output>
  </reporter-output>
  <suite name="Default suite" duration-ms="42582" started-at="2019-06-02T15:05:41Z" finished-at="2019-06-02T15:06:24Z">
    <groups>
    </groups>
    <test name="Default test" duration-ms="42582" started-at="2019-06-02T15:05:41Z" finished-at="2019-06-02T15:06:24Z">
      <class name="com.crmpro.classic.TestCases.LoginPageTest">
        <test-method status="PASS" signature="setUp()[pri:0, instance:com.crmpro.classic.TestCases.LoginPageTest@bf9759]" name="setUp" is-config="true" duration-ms="32361" started-at="2019-06-02T20:35:41Z" finished-at="2019-06-02T20:36:13Z">
          <reporter-output>
          </reporter-output>
        </test-method> <!-- setUp -->
        <test-method status="PASS" signature="verifyLogin()[pri:0, instance:com.crmpro.classic.TestCases.LoginPageTest@bf9759]" name="verifyLogin" duration-ms="9290" started-at="2019-06-02T20:36:13Z" finished-at="2019-06-02T20:36:23Z">
          <reporter-output>
          </reporter-output>
        </test-method> <!-- verifyLogin -->
        <test-method status="PASS" signature="tearDown()[pri:0, instance:com.crmpro.classic.TestCases.LoginPageTest@bf9759]" name="tearDown" is-config="true" duration-ms="893" started-at="2019-06-02T20:36:23Z" finished-at="2019-06-02T20:36:24Z">
          <reporter-output>
          </reporter-output>
        </test-method> <!-- tearDown -->
      </class> <!-- com.crmpro.classic.TestCases.LoginPageTest -->
    </test> <!-- Default test -->
  </suite> <!-- Default suite -->
</testng-results>
